#
# There is insufficient memory for the Java Runtime Environment to continue.
# Native memory allocation (mmap) failed to map 19922944 bytes for Failed to commit area from 0x0000000088100000 to 0x0000000089400000 of length 19922944.
# Possible reasons:
#   The system is out of physical RAM or swap space
#   The process is running with CompressedOops enabled, and the Java Heap may be blocking the growth of the native heap
# Possible solutions:
#   Reduce memory load on the system
#   Increase physical memory or swap space
#   Check if swap backing store is full
#   Decrease Java heap size (-Xmx/-Xms)
#   Decrease number of Java threads
#   Decrease Java thread stack sizes (-Xss)
#   Set larger code cache with -XX:ReservedCodeCacheSize=
#   JVM is running with Unscaled Compressed Oops mode in which the Java heap is
#     placed in the first 4GB address space. The Java Heap base address is the
#     maximum limit for the native heap growth. Please use -XX:HeapBaseMinAddress
#     to set the Java Heap base and to place the Java Heap above 4GB virtual address.
# This output file may be truncated or incomplete.
#
#  Out of Memory Error (t:/workspace/open/src/hotspot/os/windows/os_windows.cpp:3254), pid=14276, tid=11660
#
# JRE version: Java(TM) SE Runtime Environment (12.0.1+12) (build 12.0.1+12)
# Java VM: Java HotSpot(TM) 64-Bit Server VM (12.0.1+12, mixed mode, sharing, tiered, compressed oops, g1 gc, windows-amd64)
# No core dump will be written. Minidumps are not enabled by default on client versions of Windows
#

---------------  S U M M A R Y ------------

Command Line: C:\Users\ZHONGD~1\AppData\Local\Temp\surefire2975313855494029468\surefirebooter1834324278544948858.jar C:\Users\zhongdonghong888\AppData\Local\Temp\surefire2975313855494029468 2021-04-03T15-24-48_772-jvmRun1 surefire8504099411351502575tmp surefire_07053214460841552985tmp

Host: Intel(R) Core(TM) i5-7200U CPU @ 2.50GHz, 4 cores, 7G,  Windows 10 , 64 bit Build 18362 (10.0.18362.1110)
Time: Sat Apr  3 15:25:04 2021 ?D1¨²¡À¨º¡Á?¨º¡À?? elapsed time: 15 seconds (0d 0h 0m 15s)

---------------  T H R E A D  ---------------

Current thread (0x0000024d7802c800):  VMThread "VM Thread" [stack: 0x000000726e200000,0x000000726e300000] [id=11660]

Stack: [0x000000726e200000,0x000000726e300000]
[error occurred during error reporting (printing stack bounds), id 0xc0000005, EXCEPTION_ACCESS_VIOLATION (0xc0000005) at pc=0x0000024d08330bad]

Native frames: (J=compiled Java code, j=interpreted, Vv=VM code, C=native code)
V  [jvm.dll+0x63948a]
V  [jvm.dll+0x78b31f]
V  [jvm.dll+0x78c9c1]
V  [jvm.dll+0x78cf75]
V  [jvm.dll+0x78cf2b]
V  [jvm.dll+0x638b84]
V  [jvm.dll+0x638f58]
C  [ntdll.dll+0xa184f]
C  [ntdll.dll+0x6a889]
C  [ntdll.dll+0xa04be]
C  0x0000024d08330bad

VM_Operation (0x000000726dcfceb0): G1CollectForAllocation, mode: safepoint, requested by thread 0x0000024d77e50000


---------------  P R O C E S S  ---------------

Threads class SMR info:
_java_thread_list=0x0000024d1869e1a0, length=16, elements={
0x0000024d77e50000, 0x0000024d78035800, 0x0000024d78037800, 0x0000024d78052000,
0x0000024d78053000, 0x0000024d78054000, 0x0000024d78057800, 0x0000024d7f742000,
0x0000024d7f81d800, 0x0000024d7f827000, 0x0000024d7f878800, 0x0000024d7f820800,
0x0000024d1ae18000, 0x0000024d1b058800, 0x0000024d1b1f2800, 0x0000024d1ae49000
}

Java Threads: ( => current thread )
  0x0000024d77e50000 JavaThread "main" [_thread_blocked, id=15936, stack(0x000000726dc00000,0x000000726dd00000)]
  0x0000024d78035800 JavaThread "Reference Handler" daemon [_thread_blocked, id=18508, stack(0x000000726e300000,0x000000726e400000)]
  0x0000024d78037800 JavaThread "Finalizer" daemon [_thread_blocked, id=14212, stack(0x000000726e400000,0x000000726e500000)]
  0x0000024d78052000 JavaThread "Signal Dispatcher" daemon [_thread_blocked, id=13456, stack(0x000000726e500000,0x000000726e600000)]
  0x0000024d78053000 JavaThread "Attach Listener" daemon [_thread_blocked, id=5728, stack(0x000000726e600000,0x000000726e700000)]
  0x0000024d78054000 JavaThread "C2 CompilerThread0" daemon [_thread_blocked, id=18896, stack(0x000000726e700000,0x000000726e800000)]
  0x0000024d78057800 JavaThread "C1 CompilerThread0" daemon [_thread_blocked, id=1292, stack(0x000000726e800000,0x000000726e900000)]
  0x0000024d7f742000 JavaThread "Sweeper thread" daemon [_thread_blocked, id=19108, stack(0x000000726e900000,0x000000726ea00000)]
  0x0000024d7f81d800 JavaThread "Service Thread" daemon [_thread_blocked, id=8348, stack(0x000000726ea00000,0x000000726eb00000)]
  0x0000024d7f827000 JavaThread "Common-Cleaner" daemon [_thread_blocked, id=18212, stack(0x000000726ec00000,0x000000726ed00000)]
  0x0000024d7f878800 JavaThread "surefire-forkedjvm-command-thread" daemon [_thread_in_native, id=10124, stack(0x000000726ed00000,0x000000726ee00000)]
  0x0000024d7f820800 JavaThread "surefire-forkedjvm-ping-30s" daemon [_thread_in_native, id=9012, stack(0x000000726ee00000,0x000000726ef00000)]
  0x0000024d1ae18000 JavaThread "Abandoned connection cleanup thread" daemon [_thread_blocked, id=8032, stack(0x000000726f300000,0x000000726f400000)]
  0x0000024d1b058800 JavaThread "Druid-ConnectionPool-Create-423095039" daemon [_thread_blocked, id=16096, stack(0x000000726f600000,0x000000726f700000)]
  0x0000024d1b1f2800 JavaThread "Druid-ConnectionPool-Destroy-423095039" daemon [_thread_blocked, id=11032, stack(0x000000726f700000,0x000000726f800000)]
  0x0000024d1ae49000 JavaThread "C2 CompilerThread1" daemon [_thread_blocked, id=8852, stack(0x000000726f400000,0x000000726f500000)]

Other Threads:
=>0x0000024d7802c800 VMThread "VM Thread" [stack: 0x000000726e200000,0x000000726e300000] [id=11660]
  0x0000024d7f826800 WatcherThread [stack: 0x000000726eb00000,0x000000726ec00000] [id=13020]
  0x0000024d77e6e000 GCTaskThread "GC Thread#0" [stack: 0x000000726dd00000,0x000000726de00000] [id=8868]
  0x0000024d176c9000 GCTaskThread "GC Thread#1" [stack: 0x000000726ef00000,0x000000726f000000] [id=19476]
  0x0000024d176ca000 GCTaskThread "GC Thread#2" [stack: 0x000000726f000000,0x000000726f100000] [id=2272]
  0x0000024d19183800 GCTaskThread "GC Thread#3" [stack: 0x000000726f500000,0x000000726f600000] [id=13288]
  0x0000024d77e9c000 ConcurrentGCThread "G1 Main Marker" [stack: 0x000000726de00000,0x000000726df00000] [id=11196]
  0x0000024d77e9e800 ConcurrentGCThread "G1 Conc#0" [stack: 0x000000726df00000,0x000000726e000000] [id=11348]
  0x0000024d77f2d000 ConcurrentGCThread "G1 Refine#0" [stack: 0x000000726e000000,0x000000726e100000] [id=11428]
  0x0000024d7f8af800 ConcurrentGCThread "G1 Refine#1" [stack: 0x000000726f100000,0x000000726f200000] [id=13044]
  0x0000024d17885800 ConcurrentGCThread "G1 Refine#2" [stack: 0x000000726f200000,0x000000726f300000] [id=11800]
  0x0000024d77f2e000 ConcurrentGCThread "G1 Young RemSet Sampling" [stack: 0x000000726e100000,0x000000726e200000] [id=20456]

Threads with active compile tasks:
C2 CompilerThread0  6008       4       org.springframework.beans.factory.annotation.AutowiredAnnotationBeanPostProcessor::findAutowiredAnnotation (57 bytes)

VM state:at safepoint (normal execution)

VM Mutex/Monitor currently owned by a thread:  ([mutex/lock_event])
[0x0000024d77e4c5c0] Threads_lock - owner thread: 0x0000024d7802c800
[0x0000024d77e4fbc0] Heap_lock - owner thread: 0x0000024d77e50000

Heap address: 0x0000000082400000, size: 2012 MB, Compressed Oops mode: 32-bit
Narrow klass base: 0x0000000800000000, Narrow klass shift: 3
Compressed class space size: 1073741824 Address: 0x00000008011a0000

Heap:
 garbage-first heap   total 114688K, used 34833K [0x0000000082400000, 0x0000000100000000)
  region size 1024K, 4 young (4096K), 4 survivors (4096K)
 Metaspace       used 55595K, capacity 56731K, committed 56912K, reserved 1099776K
  class space    used 7094K, capacity 7510K, committed 7600K, reserved 1048576K
Heap Regions: E=young(eden), S=young(survivor), O=old, HS=humongous(starts), HC=humongous(continues), CS=collection set, F=free, A=archive, TAMS=top-at-mark-start (previous, next)
|   0|0x0000000082400000, 0x0000000082500000, 0x0000000082500000|100%|HS|  |TAMS 0x0000000082500000, 0x0000000082400000| Complete 
|   1|0x0000000082500000, 0x0000000082600000, 0x0000000082600000|100%| O|  |TAMS 0x0000000082600000, 0x0000000082500000| Untracked 
|   2|0x0000000082600000, 0x0000000082700000, 0x0000000082700000|100%| O|  |TAMS 0x0000000082700000, 0x0000000082600000| Untracked 
|   3|0x0000000082700000, 0x0000000082800000, 0x0000000082800000|100%| O|  |TAMS 0x0000000082800000, 0x0000000082700000| Untracked 
|   4|0x0000000082800000, 0x0000000082900000, 0x0000000082900000|100%| O|  |TAMS 0x0000000082900000, 0x0000000082800000| Untracked 
|   5|0x0000000082900000, 0x0000000082a00000, 0x0000000082a00000|100%| O|  |TAMS 0x0000000082a00000, 0x0000000082900000| Untracked 
|   6|0x0000000082a00000, 0x0000000082b00000, 0x0000000082b00000|100%| O|  |TAMS 0x0000000082b00000, 0x0000000082a00000| Untracked 
|   7|0x0000000082b00000, 0x0000000082b34600, 0x0000000082c00000| 20%| O|  |TAMS 0x0000000082b34600, 0x0000000082b00000| Untracked 
|   8|0x0000000082c00000, 0x0000000082d00000, 0x0000000082d00000|100%| O|  |TAMS 0x0000000082d00000, 0x0000000082c00000| Untracked 
|   9|0x0000000082d00000, 0x0000000082e00000, 0x0000000082e00000|100%| O|  |TAMS 0x0000000082e00000, 0x0000000082d00000| Untracked 
|  10|0x0000000082e00000, 0x0000000082f00000, 0x0000000082f00000|100%| O|  |TAMS 0x0000000082f00000, 0x0000000082e00000| Untracked 
|  11|0x0000000082f00000, 0x0000000083000000, 0x0000000083000000|100%| O|  |TAMS 0x0000000083000000, 0x0000000082f00000| Untracked 
|  12|0x0000000083000000, 0x0000000083100000, 0x0000000083100000|100%| O|  |TAMS 0x0000000083100000, 0x0000000083000000| Untracked 
|  13|0x0000000083100000, 0x0000000083200000, 0x0000000083200000|100%| O|  |TAMS 0x0000000083200000, 0x0000000083100000| Untracked 
|  14|0x0000000083200000, 0x0000000083300000, 0x0000000083300000|100%| O|  |TAMS 0x00000000832e7200, 0x0000000083200000| Untracked 
|  15|0x0000000083300000, 0x0000000083400000, 0x0000000083400000|100%| O|  |TAMS 0x0000000083300000, 0x0000000083300000| Untracked 
|  16|0x0000000083400000, 0x0000000083500000, 0x0000000083500000|100%| O|  |TAMS 0x0000000083400000, 0x0000000083400000| Untracked 
|  17|0x0000000083500000, 0x0000000083600000, 0x0000000083600000|100%| O|  |TAMS 0x0000000083500000, 0x0000000083500000| Untracked 
|  18|0x0000000083600000, 0x0000000083700000, 0x0000000083700000|100%| O|  |TAMS 0x0000000083600000, 0x0000000083600000| Untracked 
|  19|0x0000000083700000, 0x0000000083794600, 0x0000000083800000| 57%| O|  |TAMS 0x0000000083700000, 0x0000000083700000| Untracked 
|  20|0x0000000083800000, 0x0000000083900000, 0x0000000083900000|100%| O|  |TAMS 0x0000000083800000, 0x0000000083800000| Untracked 
|  21|0x0000000083900000, 0x0000000083a00000, 0x0000000083a00000|100%| O|  |TAMS 0x0000000083900000, 0x0000000083900000| Untracked 
|  22|0x0000000083a00000, 0x0000000083b00000, 0x0000000083b00000|100%| O|  |TAMS 0x0000000083a00000, 0x0000000083a00000| Untracked 
|  23|0x0000000083b00000, 0x0000000083c00000, 0x0000000083c00000|100%| O|  |TAMS 0x0000000083b00000, 0x0000000083b00000| Untracked 
|  24|0x0000000083c00000, 0x0000000083d00000, 0x0000000083d00000|100%| O|  |TAMS 0x0000000083c00000, 0x0000000083c00000| Untracked 
|  25|0x0000000083d00000, 0x0000000083e00000, 0x0000000083e00000|100%| O|  |TAMS 0x0000000083d00000, 0x0000000083d00000| Untracked 
|  26|0x0000000083e00000, 0x0000000083f00000, 0x0000000083f00000|100%| O|  |TAMS 0x0000000083e00000, 0x0000000083e00000| Untracked 
|  27|0x0000000083f00000, 0x0000000084000000, 0x0000000084000000|100%| O|  |TAMS 0x0000000083f00000, 0x0000000083f00000| Untracked 
|  28|0x0000000084000000, 0x0000000084100000, 0x0000000084100000|100%| O|  |TAMS 0x0000000084000000, 0x0000000084000000| Untracked 
|  29|0x0000000084100000, 0x0000000084200000, 0x0000000084200000|100%| O|  |TAMS 0x0000000084100000, 0x0000000084100000| Untracked 
|  30|0x0000000084200000, 0x00000000842bbc00, 0x0000000084300000| 73%| O|  |TAMS 0x0000000084200000, 0x0000000084200000| Untracked 
|  31|0x0000000084300000, 0x0000000084300000, 0x0000000084400000|  0%| F|  |TAMS 0x0000000084300000, 0x0000000084300000| Untracked 
|  32|0x0000000084400000, 0x0000000084400000, 0x0000000084500000|  0%| F|  |TAMS 0x0000000084400000, 0x0000000084400000| Untracked 
|  33|0x0000000084500000, 0x0000000084500000, 0x0000000084600000|  0%| F|  |TAMS 0x0000000084500000, 0x0000000084500000| Untracked 
|  34|0x0000000084600000, 0x0000000084600000, 0x0000000084700000|  0%| F|  |TAMS 0x0000000084600000, 0x0000000084600000| Untracked 
|  35|0x0000000084700000, 0x0000000084700000, 0x0000000084800000|  0%| F|  |TAMS 0x0000000084700000, 0x0000000084700000| Untracked 
|  36|0x0000000084800000, 0x0000000084800000, 0x0000000084900000|  0%| F|  |TAMS 0x0000000084800000, 0x0000000084800000| Untracked 
|  37|0x0000000084900000, 0x0000000084900000, 0x0000000084a00000|  0%| F|  |TAMS 0x0000000084900000, 0x0000000084900000| Untracked 
|  38|0x0000000084a00000, 0x0000000084a00000, 0x0000000084b00000|  0%| F|  |TAMS 0x0000000084a00000, 0x0000000084a00000| Untracked 
|  39|0x0000000084b00000, 0x0000000084b00000, 0x0000000084c00000|  0%| F|  |TAMS 0x0000000084b00000, 0x0000000084b00000| Untracked 
|  40|0x0000000084c00000, 0x0000000084c00000, 0x0000000084d00000|  0%| F|  |TAMS 0x0000000084c00000, 0x0000000084c00000| Untracked 
|  41|0x0000000084d00000, 0x0000000084d00000, 0x0000000084e00000|  0%| F|  |TAMS 0x0000000084d00000, 0x0000000084d00000| Untracked 
|  42|0x0000000084e00000, 0x0000000084f00000, 0x0000000084f00000|100%| O|  |TAMS 0x0000000084f00000, 0x0000000084e00000| Untracked 
|  43|0x0000000084f00000, 0x0000000084f00000, 0x0000000085000000|  0%| F|  |TAMS 0x0000000084f00000, 0x0000000084f00000| Untracked 
|  44|0x0000000085000000, 0x0000000085000000, 0x0000000085100000|  0%| F|  |TAMS 0x0000000085000000, 0x0000000085000000| Untracked 
|  45|0x0000000085100000, 0x0000000085100000, 0x0000000085200000|  0%| F|  |TAMS 0x0000000085100000, 0x0000000085100000| Untracked 
|  46|0x0000000085200000, 0x000000008527fde0, 0x0000000085300000| 49%| S|CS|TAMS 0x0000000085200000, 0x0000000085200000| Complete 
|  47|0x0000000085300000, 0x0000000085400000, 0x0000000085400000|100%| S|CS|TAMS 0x0000000085300000, 0x0000000085300000| Complete 
|  48|0x0000000085400000, 0x0000000085500000, 0x0000000085500000|100%| S|CS|TAMS 0x0000000085400000, 0x0000000085400000| Complete 
|  49|0x0000000085500000, 0x0000000085600000, 0x0000000085600000|100%| S|CS|TAMS 0x0000000085500000, 0x0000000085500000| Complete 
|  50|0x0000000085600000, 0x0000000085600000, 0x0000000085700000|  0%| F|  |TAMS 0x0000000085600000, 0x0000000085600000| Untracked 
|  51|0x0000000085700000, 0x0000000085700000, 0x0000000085800000|  0%| F|  |TAMS 0x0000000085700000, 0x0000000085700000| Untracked 
|  52|0x0000000085800000, 0x0000000085800000, 0x0000000085900000|  0%| F|  |TAMS 0x0000000085800000, 0x0000000085800000| Untracked 
|  53|0x0000000085900000, 0x0000000085900000, 0x0000000085a00000|  0%| F|  |TAMS 0x0000000085900000, 0x0000000085900000| Untracked 
|  54|0x0000000085a00000, 0x0000000085a00000, 0x0000000085b00000|  0%| F|  |TAMS 0x0000000085a00000, 0x0000000085a00000| Untracked 
|  55|0x0000000085b00000, 0x0000000085b00000, 0x0000000085c00000|  0%| F|  |TAMS 0x0000000085b00000, 0x0000000085b00000| Untracked 
|  56|0x0000000085c00000, 0x0000000085c00000, 0x0000000085d00000|  0%| F|  |TAMS 0x0000000085c00000, 0x0000000085c00000| Untracked 
|  57|0x0000000085d00000, 0x0000000085d00000, 0x0000000085e00000|  0%| F|  |TAMS 0x0000000085d00000, 0x0000000085d00000| Untracked 
|  58|0x0000000085e00000, 0x0000000085e00000, 0x0000000085f00000|  0%| F|  |TAMS 0x0000000085e00000, 0x0000000085e00000| Untracked 
|  59|0x0000000085f00000, 0x0000000085f00000, 0x0000000086000000|  0%| F|  |TAMS 0x0000000085f00000, 0x0000000085f00000| Untracked 
|  60|0x0000000086000000, 0x0000000086000000, 0x0000000086100000|  0%| F|  |TAMS 0x0000000086000000, 0x0000000086000000| Untracked 
|  61|0x0000000086100000, 0x0000000086100000, 0x0000000086200000|  0%| F|  |TAMS 0x0000000086100000, 0x0000000086100000| Untracked 
|  62|0x0000000086200000, 0x0000000086200000, 0x0000000086300000|  0%| F|  |TAMS 0x0000000086200000, 0x0000000086200000| Untracked 
|  63|0x0000000086300000, 0x0000000086300000, 0x0000000086400000|  0%| F|  |TAMS 0x0000000086300000, 0x0000000086300000| Untracked 
|  64|0x0000000086400000, 0x0000000086400000, 0x0000000086500000|  0%| F|  |TAMS 0x0000000086400000, 0x0000000086400000| Untracked 
|  65|0x0000000086500000, 0x0000000086500000, 0x0000000086600000|  0%| F|  |TAMS 0x0000000086500000, 0x0000000086500000| Untracked 
|  66|0x0000000086600000, 0x0000000086600000, 0x0000000086700000|  0%| F|  |TAMS 0x0000000086600000, 0x0000000086600000| Untracked 
|  67|0x0000000086700000, 0x0000000086700000, 0x0000000086800000|  0%| F|  |TAMS 0x0000000086700000, 0x0000000086700000| Untracked 
|  68|0x0000000086800000, 0x0000000086800000, 0x0000000086900000|  0%| F|  |TAMS 0x0000000086800000, 0x0000000086800000| Untracked 
|  69|0x0000000086900000, 0x0000000086900000, 0x0000000086a00000|  0%| F|  |TAMS 0x0000000086900000, 0x0000000086900000| Untracked 
|  70|0x0000000086a00000, 0x0000000086a00000, 0x0000000086b00000|  0%| F|  |TAMS 0x0000000086a00000, 0x0000000086a00000| Untracked 
|  71|0x0000000086b00000, 0x0000000086b00000, 0x0000000086c00000|  0%| F|  |TAMS 0x0000000086b00000, 0x0000000086b00000| Untracked 
|  72|0x0000000086c00000, 0x0000000086c00000, 0x0000000086d00000|  0%| F|  |TAMS 0x0000000086c00000, 0x0000000086c00000| Untracked 
|  73|0x0000000086d00000, 0x0000000086d00000, 0x0000000086e00000|  0%| F|  |TAMS 0x0000000086d00000, 0x0000000086d00000| Untracked 
|  74|0x0000000086e00000, 0x0000000086e00000, 0x0000000086f00000|  0%| F|  |TAMS 0x0000000086e00000, 0x0000000086e00000| Untracked 
|  75|0x0000000086f00000, 0x0000000086f00000, 0x0000000087000000|  0%| F|  |TAMS 0x0000000086f00000, 0x0000000086f00000| Untracked 
|  76|0x0000000087000000, 0x0000000087000000, 0x0000000087100000|  0%| F|  |TAMS 0x0000000087000000, 0x0000000087000000| Untracked 
|  77|0x0000000087100000, 0x0000000087100000, 0x0000000087200000|  0%| F|  |TAMS 0x0000000087100000, 0x0000000087100000| Untracked 
|  78|0x0000000087200000, 0x0000000087200000, 0x0000000087300000|  0%| F|  |TAMS 0x0000000087200000, 0x0000000087200000| Untracked 
|  79|0x0000000087300000, 0x0000000087300000, 0x0000000087400000|  0%| F|  |TAMS 0x0000000087300000, 0x0000000087300000| Untracked 
|  80|0x0000000087400000, 0x0000000087400000, 0x0000000087500000|  0%| F|  |TAMS 0x0000000087400000, 0x0000000087400000| Untracked 
|  81|0x0000000087500000, 0x0000000087500000, 0x0000000087600000|  0%| F|  |TAMS 0x0000000087500000, 0x0000000087500000| Untracked 
|  82|0x0000000087600000, 0x0000000087600000, 0x0000000087700000|  0%| F|  |TAMS 0x0000000087600000, 0x0000000087600000| Untracked 
|  83|0x0000000087700000, 0x0000000087700000, 0x0000000087800000|  0%| F|  |TAMS 0x0000000087700000, 0x0000000087700000| Untracked 
|  84|0x0000000087800000, 0x0000000087800000, 0x0000000087900000|  0%| F|  |TAMS 0x0000000087800000, 0x0000000087800000| Untracked 
|  85|0x0000000087900000, 0x0000000087900000, 0x0000000087a00000|  0%| F|  |TAMS 0x0000000087900000, 0x0000000087900000| Untracked 
|  86|0x0000000087a00000, 0x0000000087a00000, 0x0000000087b00000|  0%| F|  |TAMS 0x0000000087a00000, 0x0000000087a00000| Untracked 
|  87|0x0000000087b00000, 0x0000000087b00000, 0x0000000087c00000|  0%| F|  |TAMS 0x0000000087b00000, 0x0000000087b00000| Untracked 
|  88|0x0000000087c00000, 0x0000000087c00000, 0x0000000087d00000|  0%| F|  |TAMS 0x0000000087c00000, 0x0000000087c00000| Untracked 
|  89|0x0000000087d00000, 0x0000000087d00000, 0x0000000087e00000|  0%| F|  |TAMS 0x0000000087d00000, 0x0000000087d00000| Untracked 
|  90|0x0000000087e00000, 0x0000000087e00000, 0x0000000087f00000|  0%| F|  |TAMS 0x0000000087e00000, 0x0000000087e00000| Untracked 
|  91|0x0000000087f00000, 0x0000000087f00000, 0x0000000088000000|  0%| F|  |TAMS 0x0000000087f00000, 0x0000000087f00000| Untracked 
|  92|0x0000000088000000, 0x0000000088000000, 0x0000000088100000|  0%| F|  |TAMS 0x0000000088000000, 0x0000000088000000| Untracked 

Card table byte_map: [0x0000024d78460000,0x0000024d78850000] _byte_map_base: 0x0000024d7804e000

Marking Bits (Prev, Next): (CMBitMap*) 0x0000024d77e6e928, (CMBitMap*) 0x0000024d77e6e968
 Prev Bits: [0x0000024d78c40000, 0x0000024d7abb0000)
 Next Bits: [0x0000024d7abb0000, 0x0000024d7cb20000)

Polling page: 0x0000024d751d0000

Metaspace:

Usage:
  Non-class:     48.07 MB capacity,    47.36 MB ( 99%) used,   577.69 KB (  1%) free+waste,   142.13 KB ( <1%) overhead. 
      Class:      7.33 MB capacity,     6.93 MB ( 94%) used,   350.66 KB (  5%) free+waste,    64.94 KB ( <1%) overhead. 
       Both:     55.40 MB capacity,    54.29 MB ( 98%) used,   928.35 KB (  2%) free+waste,   207.06 KB ( <1%) overhead. 

Virtual space:
  Non-class space:       50.00 MB reserved,      48.16 MB ( 96%) committed 
      Class space:        1.00 GB reserved,       7.42 MB ( <1%) committed 
             Both:        1.05 GB reserved,      55.58 MB (  5%) committed 

Chunk freelists:
   Non-Class:  3.38 KB
       Class:  1.25 KB
        Both:  4.63 KB

CodeHeap 'non-profiled nmethods': size=120064Kb used=3869Kb max_used=3869Kb free=116194Kb
 bounds [0x0000024d0fdf0000, 0x0000024d101d0000, 0x0000024d17330000]
CodeHeap 'profiled nmethods': size=120000Kb used=13270Kb max_used=14169Kb free=106729Kb
 bounds [0x0000024d088c0000, 0x0000024d096a0000, 0x0000024d0fdf0000]
CodeHeap 'non-nmethods': size=5696Kb used=1257Kb max_used=1310Kb free=4438Kb
 bounds [0x0000024d08330000, 0x0000024d085a0000, 0x0000024d088c0000]
 total_blobs=8014 nmethods=5359 adapters=533
 compilation: enabled
              stopped_count=0, restarted_count=0
 full_count=0

Compilation events (10 events):
Event: 15.294 Thread 0x0000024d1ae49000 nmethod 6003 0x0000024d0ff8e390 code [0x0000024d0ff8e580, 0x0000024d0ff8ecc8]
Event: 15.298 Thread 0x0000024d78054000 6008       4       org.springframework.beans.factory.annotation.AutowiredAnnotationBeanPostProcessor::findAutowiredAnnotation (57 bytes)
Event: 15.298 Thread 0x0000024d78057800 6009   !   3       com.sun.proxy.$Proxy12::annotationType (29 bytes)
Event: 15.298 Thread 0x0000024d1ae49000 6011       4       java.util.ArrayList::isEmpty (13 bytes)
Event: 15.299 Thread 0x0000024d78057800 nmethod 6009 0x0000024d089afc90 code [0x0000024d089afe80, 0x0000024d089b0320]
Event: 15.299 Thread 0x0000024d78057800 6010       1       org.junit.runners.ParentRunner::getTestClass (5 bytes)
Event: 15.299 Thread 0x0000024d78057800 nmethod 6010 0x0000024d0ff26c90 code [0x0000024d0ff26e40, 0x0000024d0ff26f78]
Event: 15.299 Thread 0x0000024d1ae49000 nmethod 6011 0x0000024d0ff30e10 code [0x0000024d0ff30fa0, 0x0000024d0ff31018]
Event: 15.304 Thread 0x0000024d78057800 6012   !   3       org.springframework.cglib.core.EmitUtils::string_switch (110 bytes)
Event: 15.305 Thread 0x0000024d78057800 nmethod 6012 0x0000024d089da690 code [0x0000024d089da960, 0x0000024d089db4c0]

GC Heap History (10 events):
Event: 11.438 GC heap after
{Heap after GC invocations=17 (full 0):
 garbage-first heap   total 78848K, used 25864K [0x0000000082400000, 0x0000000100000000)
  region size 1024K, 3 young (3072K), 3 survivors (3072K)
 Metaspace       used 46897K, capacity 47820K, committed 47952K, reserved 1091584K
  class space    used 5923K, capacity 6258K, committed 6320K, reserved 1048576K
}
Event: 11.779 GC heap before
{Heap before GC invocations=17 (full 0):
 garbage-first heap   total 78848K, used 60680K [0x0000000082400000, 0x0000000100000000)
  region size 1024K, 37 young (37888K), 3 survivors (3072K)
 Metaspace       used 47757K, capacity 48675K, committed 48848K, reserved 1091584K
  class space    used 5988K, capacity 6337K, committed 6448K, reserved 1048576K
}
Event: 11.788 GC heap after
{Heap after GC invocations=18 (full 0):
 garbage-first heap   total 95232K, used 26810K [0x0000000082400000, 0x0000000100000000)
  region size 1024K, 3 young (3072K), 3 survivors (3072K)
 Metaspace       used 47757K, capacity 48675K, committed 48848K, reserved 1091584K
  class space    used 5988K, capacity 6337K, committed 6448K, reserved 1048576K
}
Event: 12.447 GC heap before
{Heap before GC invocations=18 (full 0):
 garbage-first heap   total 95232K, used 66746K [0x0000000082400000, 0x0000000100000000)
  region size 1024K, 42 young (43008K), 3 survivors (3072K)
 Metaspace       used 48934K, capacity 50004K, committed 50256K, reserved 1093632K
  class space    used 6158K, capacity 6546K, committed 6576K, reserved 1048576K
}
Event: 12.459 GC heap after
{Heap after GC invocations=19 (full 0):
 garbage-first heap   total 95232K, used 28789K [0x0000000082400000, 0x0000000100000000)
  region size 1024K, 5 young (5120K), 5 survivors (5120K)
 Metaspace       used 48934K, capacity 50004K, committed 50256K, reserved 1093632K
  class space    used 6158K, capacity 6546K, committed 6576K, reserved 1048576K
}
Event: 13.208 GC heap before
{Heap before GC invocations=19 (full 0):
 garbage-first heap   total 95232K, used 68725K [0x0000000082400000, 0x0000000100000000)
  region size 1024K, 44 young (45056K), 5 survivors (5120K)
 Metaspace       used 50758K, capacity 51877K, committed 52048K, reserved 1095680K
  class space    used 6415K, capacity 6821K, committed 6832K, reserved 1048576K
}
Event: 13.225 GC heap after
{Heap after GC invocations=20 (full 0):
 garbage-first heap   total 95232K, used 31794K [0x0000000082400000, 0x0000000100000000)
  region size 1024K, 6 young (6144K), 6 survivors (6144K)
 Metaspace       used 50758K, capacity 51877K, committed 52048K, reserved 1095680K
  class space    used 6415K, capacity 6821K, committed 6832K, reserved 1048576K
}
Event: 13.836 GC heap before
{Heap before GC invocations=20 (full 0):
 garbage-first heap   total 95232K, used 70706K [0x0000000082400000, 0x0000000100000000)
  region size 1024K, 44 young (45056K), 6 survivors (6144K)
 Metaspace       used 51340K, capacity 52440K, committed 52688K, reserved 1095680K
  class space    used 6496K, capacity 6897K, committed 6960K, reserved 1048576K
}
Event: 13.854 GC heap after
{Heap after GC invocations=21 (full 0):
 garbage-first heap   total 95232K, used 33905K [0x0000000082400000, 0x0000000100000000)
  region size 1024K, 5 young (5120K), 5 survivors (5120K)
 Metaspace       used 51340K, capacity 52440K, committed 52688K, reserved 1095680K
  class space    used 6496K, capacity 6897K, committed 6960K, reserved 1048576K
}
Event: 15.305 GC heap before
{Heap before GC invocations=21 (full 0):
 garbage-first heap   total 95232K, used 72817K [0x0000000082400000, 0x0000000100000000)
  region size 1024K, 43 young (44032K), 5 survivors (5120K)
 Metaspace       used 55595K, capacity 56731K, committed 56912K, reserved 1099776K
  class space    used 7094K, capacity 7510K, committed 7600K, reserved 1048576K
}

Deoptimization events (10 events):
Event: 13.758 Thread 0x0000024d77e50000 Uncommon trap: reason=intrinsic_or_type_checked_inlining action=make_not_entrant pc=0x0000024d10195044 method=java.util.ArrayList.toArray([Ljava/lang/Object;)[Ljava/lang/Object; @ 36 c2
Event: 13.767 Thread 0x0000024d77e50000 Uncommon trap: reason=unstable_if action=reinterpret pc=0x0000024d100962fc method=java.lang.Class.getTypeName()Ljava/lang/String; @ 23 c2
Event: 13.966 Thread 0x0000024d77e50000 Uncommon trap: reason=class_check action=maybe_recompile pc=0x0000024d101087cc method=org.springframework.core.annotation.AnnotatedElementUtils.searchWithGetSemanticsInAnnotations(Ljava/lang/reflect/AnnotatedElement;Ljava/util/List;Ljava/util/Set;Ljava/la
Event: 13.966 Thread 0x0000024d77e50000 Uncommon trap: reason=unstable_if action=reinterpret pc=0x0000024d10108400 method=org.springframework.core.annotation.AnnotatedElementUtils.searchWithGetSemanticsInAnnotations(Ljava/lang/reflect/AnnotatedElement;Ljava/util/List;Ljava/util/Set;Ljava/lang/S
Event: 13.990 Thread 0x0000024d77e50000 Uncommon trap: reason=unstable_if action=reinterpret pc=0x0000024d0ffc9988 method=java.lang.PublicMethods$MethodList.filter([Ljava/lang/reflect/Method;Ljava/lang/String;[Ljava/lang/Class;Z)Ljava/lang/PublicMethods$MethodList; @ 43 c2
Event: 13.993 Thread 0x0000024d77e50000 Uncommon trap: reason=unstable_if action=reinterpret pc=0x0000024d0fe6e560 method=java.util.StringJoiner.add(Ljava/lang/CharSequence;)Ljava/util/StringJoiner; @ 33 c2
Event: 14.008 Thread 0x0000024d77e50000 Uncommon trap: reason=unstable_if action=reinterpret pc=0x0000024d0ffae008 method=org.springframework.util.ConcurrentReferenceHashMap$Segment.clear()V @ 4 c2
Event: 14.130 Thread 0x0000024d77e50000 Uncommon trap: reason=unstable_if action=reinterpret pc=0x0000024d1006da88 method=org.springframework.core.annotation.AnnotatedElementUtils$MergedAnnotationAttributesProcessor.<init>(ZZZ)V @ 21 c2
Event: 14.838 Thread 0x0000024d77e50000 Uncommon trap: reason=unstable_if action=reinterpret pc=0x0000024d0fe251b0 method=java.lang.String.getChars(II[CI)V @ 23 c2
Event: 15.200 Thread 0x0000024d77e50000 Uncommon trap: reason=unstable_if action=reinterpret pc=0x0000024d100c2e80 method=org.springframework.core.annotation.AnnotatedElementUtils.searchWithFindSemantics(Ljava/lang/reflect/AnnotatedElement;Ljava/util/Set;Ljava/lang/String;Ljava/lang/Class;Lorg/

Classes redefined (0 events):
No events

Internal exceptions (10 events):
Event: 13.960 Thread 0x0000024d77e50000 Exception <a 'java/lang/ClassNotFoundException'{0x0000000087911230}: java/lang/ObjectCustomizer> (0x0000000087911230) thrown at [t:/workspace/open/src/hotspot/share/classfile/systemDictionary.cpp, line 235]
Event: 13.961 Thread 0x0000024d77e50000 Exception <a 'java/lang/ClassNotFoundException'{0x00000000879276d0}: org/springframework/web/multipart/support/StandardServletMultipartResolverCustomizer> (0x00000000879276d0) thrown at [t:/workspace/open/src/hotspot/share/classfile/systemDictionary.cpp, 
Event: 13.962 Thread 0x0000024d77e50000 Exception <a 'java/lang/ClassNotFoundException'{0x000000008793ba20}: org/springframework/web/multipart/MultipartResolverCustomizer> (0x000000008793ba20) thrown at [t:/workspace/open/src/hotspot/share/classfile/systemDictionary.cpp, line 235]
Event: 14.113 Thread 0x0000024d77e50000 Exception <a 'java/lang/ClassNotFoundException'{0x00000000876d7cf8}: java/lang/ObjectCustomizer> (0x00000000876d7cf8) thrown at [t:/workspace/open/src/hotspot/share/classfile/systemDictionary.cpp, line 235]
Event: 14.115 Thread 0x0000024d77e50000 Exception <a 'java/lang/ClassNotFoundException'{0x00000000876e6418}: myr/TestCustomerCustomizer> (0x00000000876e6418) thrown at [t:/workspace/open/src/hotspot/share/classfile/systemDictionary.cpp, line 235]
Event: 14.965 Thread 0x0000024d77e50000 Exception <a 'java/lang/NoSuchMethodError'{0x00000000864c0240}: java.lang.invoke.DirectMethodHandle$Holder.invokeStaticInit(Ljava/lang/Object;ILjava/lang/Object;)V> (0x00000000864c0240) thrown at [t:/workspace/open/src/hotspot/share/interpreter/linkResolv
Event: 15.209 Thread 0x0000024d77e50000 Exception <a 'java/lang/ClassNotFoundException'{0x0000000085d42588}: java/lang/ObjectCustomizer> (0x0000000085d42588) thrown at [t:/workspace/open/src/hotspot/share/classfile/systemDictionary.cpp, line 235]
Event: 15.211 Thread 0x0000024d77e50000 Exception <a 'java/lang/ClassNotFoundException'{0x0000000085d50ca8}: myr/TestCustTypeCustomizer> (0x0000000085d50ca8) thrown at [t:/workspace/open/src/hotspot/share/classfile/systemDictionary.cpp, line 235]
Event: 15.293 Thread 0x0000024d77e50000 Exception <a 'java/lang/ClassNotFoundException'{0x0000000085b1a3c0}: java/lang/ObjectCustomizer> (0x0000000085b1a3c0) thrown at [t:/workspace/open/src/hotspot/share/classfile/systemDictionary.cpp, line 235]
Event: 15.296 Thread 0x0000024d77e50000 Exception <a 'java/lang/ClassNotFoundException'{0x0000000085b280e0}: myr/TesticCustomizer> (0x0000000085b280e0) thrown at [t:/workspace/open/src/hotspot/share/classfile/systemDictionary.cpp, line 235]

Events (10 events):
Event: 15.293 loading class myr/TesticCustomizer done
Event: 15.294 loading class myr/TesticCustomizer
Event: 15.294 loading class myr/TesticCustomizer done
Event: 15.296 loading class myr/TesticCustomizer
Event: 15.296 loading class myr/TesticCustomizer done
Event: 15.300 loading class org/springframework/restdocs/ManualRestDocumentation
Event: 15.300 loading class org/springframework/restdocs/ManualRestDocumentation done
Event: 15.300 loading class org/springframework/restdocs$ManualRestDocumentation
Event: 15.300 loading class org/springframework/restdocs$ManualRestDocumentation done
Event: 15.305 Executing VM operation: G1CollectForAllocation


Dynamic libraries:
0x00007ff6cba80000 - 0x00007ff6cba8f000 	C:\Program Files\Java\jdk-12.0.1\bin\java.exe
0x00007fffb7520000 - 0x00007fffb7710000 	C:\Windows\SYSTEM32\ntdll.dll
0x00007fffb7300000 - 0x00007fffb73b2000 	C:\Windows\System32\KERNEL32.DLL
0x00007fffb4830000 - 0x00007fffb4ad5000 	C:\Windows\System32\KERNELBASE.dll
0x00007fffb4490000 - 0x00007fffb458a000 	C:\Windows\System32\ucrtbase.dll
0x00007fffad9c0000 - 0x00007fffad9d8000 	C:\Program Files\Java\jdk-12.0.1\bin\jli.dll
0x00007fffaf8c0000 - 0x00007fffaf8d6000 	C:\Program Files\Java\jdk-12.0.1\bin\VCRUNTIME140.dll
0x00007fffb73c0000 - 0x00007fffb7463000 	C:\Windows\System32\ADVAPI32.dll
0x00007fffb70d0000 - 0x00007fffb716e000 	C:\Windows\System32\msvcrt.dll
0x00007fffb6c20000 - 0x00007fffb6cb7000 	C:\Windows\System32\sechost.dll
0x00007fffb5720000 - 0x00007fffb5840000 	C:\Windows\System32\RPCRT4.dll
0x00007fffb69d0000 - 0x00007fffb6b64000 	C:\Windows\System32\USER32.dll
0x00007fffb4660000 - 0x00007fffb4681000 	C:\Windows\System32\win32u.dll
0x00007fffb6760000 - 0x00007fffb6786000 	C:\Windows\System32\GDI32.dll
0x00007fffb4ae0000 - 0x00007fffb4c76000 	C:\Windows\System32\gdi32full.dll
0x00007fffb45c0000 - 0x00007fffb465e000 	C:\Windows\System32\msvcp_win.dll
0x00007fffa20d0000 - 0x00007fffa2354000 	C:\Windows\WinSxS\amd64_microsoft.windows.common-controls_6595b64144ccf1df_6.0.18362.1256_none_9e7e379be45e40e2\COMCTL32.dll
0x00007fffb6d70000 - 0x00007fffb70a6000 	C:\Windows\System32\combase.dll
0x00007fffb4d30000 - 0x00007fffb4db1000 	C:\Windows\System32\bcryptPrimitives.dll
0x00007fffaee40000 - 0x00007fffaee4a000 	C:\Windows\SYSTEM32\VERSION.dll
0x00007fffb7170000 - 0x00007fffb719e000 	C:\Windows\System32\IMM32.DLL
0x0000000180000000 - 0x00000001800a0000 	C:\Windows\LVUAAgentInstBaseRoot\system32\Vozokopot.dll
0x00007fffaa220000 - 0x00007fffaa240000 	C:\Windows\LVUAAgentInstBaseRoot\system32\MozartBreathFw.dll
0x0000000051300000 - 0x000000005139a000 	C:\Windows\LVUAAgentInstBaseRoot\system32\SteinwayMSVCRT.dll
0x0000000051230000 - 0x0000000051300000 	C:\Windows\LVUAAgentInstBaseRoot\system32\SteinwayMSVCSTL.dll
0x00007fffa9570000 - 0x00007fffa9ac2000 	C:\Windows\LVUAAgentInstBaseRoot\system32\MozartBreathCore.dll
0x00007fffb5650000 - 0x00007fffb5720000 	C:\Windows\System32\COMDLG32.dll
0x00007fffb6b70000 - 0x00007fffb6c19000 	C:\Windows\System32\shcore.dll
0x00007fffb5f90000 - 0x00007fffb5fe2000 	C:\Windows\System32\SHLWAPI.dll
0x00007fffb5840000 - 0x00007fffb5f27000 	C:\Windows\System32\SHELL32.dll
0x00007fffb4690000 - 0x00007fffb46da000 	C:\Windows\System32\cfgmgr32.dll
0x00007fffb4e20000 - 0x00007fffb55a1000 	C:\Windows\System32\windows.storage.dll
0x00007fffb4420000 - 0x00007fffb4443000 	C:\Windows\System32\profapi.dll
0x00007fffb43d0000 - 0x00007fffb441a000 	C:\Windows\System32\powrprof.dll
0x00007fffb43c0000 - 0x00007fffb43d0000 	C:\Windows\System32\UMPDC.dll
0x00007fffb4450000 - 0x00007fffb4461000 	C:\Windows\System32\kernel.appcore.dll
0x00007fffb55b0000 - 0x00007fffb55c7000 	C:\Windows\System32\cryptsp.dll
0x00007fffa7f20000 - 0x00007fffa7fa9000 	C:\Windows\SYSTEM32\WINSPOOL.DRV
0x00007fffb71a0000 - 0x00007fffb72f7000 	C:\Windows\System32\ole32.dll
0x00007fffb4590000 - 0x00007fffb45b6000 	C:\Windows\System32\bcrypt.dll
0x00007fffb6900000 - 0x00007fffb69c5000 	C:\Windows\System32\OLEAUT32.dll
0x00007fffb6820000 - 0x00007fffb688f000 	C:\Windows\System32\WS2_32.dll
0x00007fffaf140000 - 0x00007fffaf230000 	C:\Windows\SYSTEM32\PROPSYS.dll
0x00007fffb3920000 - 0x00007fffb395a000 	C:\Windows\SYSTEM32\IPHLPAPI.DLL
0x00007fffafd90000 - 0x00007fffafda3000 	C:\Windows\SYSTEM32\WTSAPI32.dll
0x00007fffa7be0000 - 0x00007fffa7bfb000 	C:\Windows\SYSTEM32\MPR.dll
0x00007fffb3960000 - 0x00007fffb3a2b000 	C:\Windows\SYSTEM32\Dnsapi.dll
0x00007fffb5ff0000 - 0x00007fffb5ff8000 	C:\Windows\System32\NSI.dll
0x00007fffa40d0000 - 0x00007fffa4109000 	C:\Windows\LVUAAgentInstBaseRoot\system32\MozartBreathPrint.dll
0x00007fffa7cb0000 - 0x00007fffa7cb7000 	C:\Windows\SYSTEM32\MSIMG32.dll
0x00007fffa3ef0000 - 0x00007fffa3f07000 	C:\Windows\LVUAAgentInstBaseRoot\system32\MozartBreathBolo.dll
0x00007fffa3e40000 - 0x00007fffa3e55000 	C:\Windows\LVUAAgentInstBaseRoot\system32\MozartBreathProtect.dll
0x00007fffa6630000 - 0x00007fffa66da000 	C:\Program Files\Java\jdk-12.0.1\bin\msvcp140.dll
0x00007fff82630000 - 0x00007fff831a4000 	C:\Program Files\Java\jdk-12.0.1\bin\server\jvm.dll
0x00007fffb7470000 - 0x00007fffb7478000 	C:\Windows\System32\PSAPI.DLL
0x00007fffa9b50000 - 0x00007fffa9b59000 	C:\Windows\SYSTEM32\WSOCK32.dll
0x00007fffb1610000 - 0x00007fffb1634000 	C:\Windows\SYSTEM32\WINMM.dll
0x00007fffb15e0000 - 0x00007fffb160d000 	C:\Windows\SYSTEM32\WINMMBASE.dll
0x00007fffad720000 - 0x00007fffad731000 	C:\Program Files\Java\jdk-12.0.1\bin\verify.dll
0x00007fffb1850000 - 0x00007fffb1a44000 	C:\Windows\SYSTEM32\DBGHELP.DLL
0x00007fffa08b0000 - 0x00007fffa08da000 	C:\Windows\SYSTEM32\dbgcore.DLL
0x00007fffac740000 - 0x00007fffac766000 	C:\Program Files\Java\jdk-12.0.1\bin\java.dll
0x00007fffac7d0000 - 0x00007fffac839000 	C:\Windows\SYSTEM32\Wlanapi.dll
0x00007fffac720000 - 0x00007fffac737000 	C:\Program Files\Java\jdk-12.0.1\bin\zip.dll
0x00007fffb17b0000 - 0x00007fffb17ba000 	C:\Program Files\Java\jdk-12.0.1\bin\jimage.dll
0x00007fffac510000 - 0x00007fffac529000 	C:\Program Files\Java\jdk-12.0.1\bin\net.dll
0x00007fffb2490000 - 0x00007fffb2580000 	C:\Windows\SYSTEM32\WINHTTP.dll
0x00007fffa3b40000 - 0x00007fffa3d16000 	C:\Windows\SYSTEM32\urlmon.dll
0x00007fffa4630000 - 0x00007fffa48d7000 	C:\Windows\SYSTEM32\iertutil.dll
0x00007fffb3de0000 - 0x00007fffb3dec000 	C:\Windows\SYSTEM32\CRYPTBASE.DLL
0x00007fffb3c10000 - 0x00007fffb3c77000 	C:\Windows\system32\mswsock.dll
0x00007fffa9bb0000 - 0x00007fffa9bc3000 	C:\Program Files\Java\jdk-12.0.1\bin\nio.dll
0x00007fffb11b0000 - 0x00007fffb11b9000 	C:\Program Files\Java\jdk-12.0.1\bin\management.dll
0x00007fffb0f20000 - 0x00007fffb0f2c000 	C:\Program Files\Java\jdk-12.0.1\bin\management_ext.dll
0x00007fffade60000 - 0x00007fffadeab000 	C:\Program Files (x86)\Sangfor\SSL\ClientComponent3\SangforNspX64.dll
0x00007fff9fb50000 - 0x00007fff9fb66000 	C:\Windows\system32\napinsp.dll
0x00007fff9fb00000 - 0x00007fff9fb1a000 	C:\Windows\system32\pnrpnsp.dll
0x00007fff9faf0000 - 0x00007fff9fafe000 	C:\Windows\System32\winrnr.dll
0x00007fffafe50000 - 0x00007fffafe6c000 	C:\Windows\system32\NLAapi.dll
0x00007fff9e350000 - 0x00007fff9e365000 	C:\Windows\system32\wshbth.dll
0x00007fffac770000 - 0x00007fffac77a000 	C:\Windows\System32\rasadhlp.dll
0x00007fffaf930000 - 0x00007fffaf9a7000 	C:\Windows\System32\fwpuclnt.dll
0x00007fffb3780000 - 0x00007fffb37b3000 	C:\Windows\system32\rsaenh.dll
0x00007fffb42a0000 - 0x00007fffb42c5000 	C:\Windows\SYSTEM32\USERENV.dll
0x00007fffaf080000 - 0x00007fffaf096000 	C:\Windows\SYSTEM32\dhcpcsvc6.DLL
0x00007fffaeef0000 - 0x00007fffaef0c000 	C:\Windows\SYSTEM32\dhcpcsvc.DLL

dbghelp: loaded successfully - version: 4.0.5 - missing functions: none
symbol engine: initialized successfully - sym options: 0x614 - pdb path: .;C:\Program Files\Java\jdk-12.0.1\bin;C:\Windows\SYSTEM32;C:\Windows\WinSxS\amd64_microsoft.windows.common-controls_6595b64144ccf1df_6.0.18362.1256_none_9e7e379be45e40e2;C:\Windows\LVUAAgentInstBaseRoot\system32;C:\Program Files\Java\jdk-12.0.1\bin\server;C:\Program Files (x86)\Sangfor\SSL\ClientComponent3

VM Arguments:
java_command: C:\Users\ZHONGD~1\AppData\Local\Temp\surefire2975313855494029468\surefirebooter1834324278544948858.jar C:\Users\zhongdonghong888\AppData\Local\Temp\surefire2975313855494029468 2021-04-03T15-24-48_772-jvmRun1 surefire8504099411351502575tmp surefire_07053214460841552985tmp
java_class_path (initial): C:\Users\ZHONGD~1\AppData\Local\Temp\surefire2975313855494029468\surefirebooter1834324278544948858.jar
Launcher Type: SUN_STANDARD

[Global flags]
     intx CICompilerCount                          = 3                                         {product} {ergonomic}
     uint ConcGCThreads                            = 1                                         {product} {ergonomic}
     uint G1ConcRefinementThreads                  = 4                                         {product} {ergonomic}
   size_t G1HeapRegionSize                         = 1048576                                   {product} {ergonomic}
    uintx GCDrainStackTargetSize                   = 64                                        {product} {ergonomic}
   size_t InitialHeapSize                          = 132120576                                 {product} {ergonomic}
   size_t MarkStackSize                            = 4194304                                   {product} {ergonomic}
   size_t MaxHeapSize                              = 2109734912                                {product} {ergonomic}
   size_t MaxNewSize                               = 1265631232                                {product} {ergonomic}
   size_t MinHeapDeltaBytes                        = 1048576                                   {product} {ergonomic}
    uintx NonNMethodCodeHeapSize                   = 5830732                                {pd product} {ergonomic}
    uintx NonProfiledCodeHeapSize                  = 122913754                              {pd product} {ergonomic}
    uintx ProfiledCodeHeapSize                     = 122913754                              {pd product} {ergonomic}
    uintx ReservedCodeCacheSize                    = 251658240                              {pd product} {ergonomic}
     bool SegmentedCodeCache                       = true                                      {product} {ergonomic}
     bool UseCompressedClassPointers               = true                                 {lp64_product} {ergonomic}
     bool UseCompressedOops                        = true                                 {lp64_product} {ergonomic}
     bool UseG1GC                                  = true                                      {product} {ergonomic}
     bool UseLargePagesIndividualAllocation        = false                                  {pd product} {ergonomic}

Logging:
Log output configuration:
 #0: stdout all=warning uptime,level,tags
 #1: stderr all=off uptime,level,tags

Environment Variables:
JAVA_HOME=C:\Program Files\Java\jdk-12.0.1
CLASSPATH=C:\Program Files\Java\jdk-12.0.1\lib\dt.jar;C:\Program Files\Java\jdk-12.0.1\lib\tools.jar;
PATH=C:\Windows\system32;C:\Windows;C:\Windows\System32\Wbem;C:\Windows\System32\WindowsPowerShell\v1.0\;C:\Windows\System32\OpenSSH\;C:\Program Files\Java\jdk-12.0.1\bin;C:\Program Files\Java\jdk-12.0.1\jre\bin;E:\my_maven\apache-maven-3.6.3-bin\apache-maven-3.6.3\bin;C:\Program Files (x86)\MySQL\MySQL Fabric 1.5 & MySQL Utilities 1.5\;C:\Program Files (x86)\MySQL\MySQL Fabric 1.5 & MySQL Utilities 1.5\Doctrine extensions for PHP\;C:\Users\zhongdonghong888\AppData\Local\Microsoft\WindowsApps;
USERNAME=zhongdonghong888
OS=Windows_NT
PROCESSOR_IDENTIFIER=Intel64 Family 6 Model 142 Stepping 9, GenuineIntel



---------------  S Y S T E M  ---------------

OS: Windows 10 , 64 bit Build 18362 (10.0.18362.1110)

CPU:total 4 (initial active 4) (2 cores per cpu, 2 threads per core) family 6 model 142 stepping 9, cmov, cx8, fxsr, mmx, sse, sse2, sse3, ssse3, sse4.1, sse4.2, popcnt, avx, avx2, aes, clmul, erms, 3dnowpref, lzcnt, ht, tsc, tscinvbit, bmi1, bmi2, adx, fma

Memory: 4k page, system-wide physical 8046M (1055M free)
TotalPageFile size 32622M (AvailPageFile size 20M)
current process WorkingSet (physical memory assigned to process): 281M, peak: 292M
current process commit charge ("private bytes"): 304M, peak: 323M

vm_info: Java HotSpot(TM) 64-Bit Server VM (12.0.1+12) for windows-amd64 JRE (12.0.1+12), built on Apr  2 2019 14:02:19 by "mach5one" with MS VC++ 15.5 (VS2017)

END.
